0 info it worked if it ends with ok
1 verbose cli [ 'C:\\Program Files\\nodejs\\\\node.exe',
1 verbose cli   'C:\\Program Files\\nodejs\\node_modules\\npm\\bin\\npm-cli.js',
1 verbose cli   'install',
1 verbose cli   'node-mongodb-native' ]
2 info using npm@1.2.21
3 info using node@v0.10.7
4 verbose node symlink C:\Program Files\nodejs\\node.exe
5 verbose read json D:\git\node-spider\package.json
6 warn package.json node-spider@0.0.1 No repository field.
7 verbose read json D:\git\node-spider\node_modules\bson\package.json
8 verbose read json D:\git\node-spider\node_modules\cheerio\package.json
9 verbose read json D:\git\node-spider\node_modules\iconv-lite\package.json
10 verbose read json D:\git\node-spider\node_modules\mongodb\package.json
11 verbose read json D:\git\node-spider\node_modules\mongoose\package.json
12 verbose read json D:\git\node-spider\node_modules\urllib\package.json
13 verbose from cache D:\git\node-spider\package.json
14 verbose readDependencies using package.json deps
15 verbose cache add [ 'node-mongodb-native', null ]
16 verbose cache add name=undefined spec="node-mongodb-native" args=["node-mongodb-native",null]
17 verbose parsed url { protocol: null,
17 verbose parsed url   slashes: null,
17 verbose parsed url   auth: null,
17 verbose parsed url   host: null,
17 verbose parsed url   port: null,
17 verbose parsed url   hostname: null,
17 verbose parsed url   hash: null,
17 verbose parsed url   search: null,
17 verbose parsed url   query: null,
17 verbose parsed url   pathname: 'node-mongodb-native',
17 verbose parsed url   path: 'node-mongodb-native',
17 verbose parsed url   href: 'node-mongodb-native' }
18 silly lockFile 19c00958-node-mongodb-native node-mongodb-native
19 verbose lock node-mongodb-native C:\Users\hexie\AppData\Roaming\npm-cache\19c00958-node-mongodb-native.lock
20 silly lockFile 19c00958-node-mongodb-native node-mongodb-native
21 silly lockFile 19c00958-node-mongodb-native node-mongodb-native
22 verbose addNamed [ 'node-mongodb-native', '' ]
23 verbose addNamed [ null, '' ]
24 silly lockFile 5600b9da-node-mongodb-native node-mongodb-native@
25 verbose lock node-mongodb-native@ C:\Users\hexie\AppData\Roaming\npm-cache\5600b9da-node-mongodb-native.lock
26 silly addNameRange { name: 'node-mongodb-native', range: '', hasData: false }
27 verbose url raw node-mongodb-native
28 verbose url resolving [ 'https://registry.npmjs.org/', './node-mongodb-native' ]
29 verbose url resolved https://registry.npmjs.org/node-mongodb-native
30 info trying registry request attempt 1 at 22:56:53
31 http GET https://registry.npmjs.org/node-mongodb-native
32 http 404 https://registry.npmjs.org/node-mongodb-native
33 silly registry.get cb [ 404,
33 silly registry.get   { server: 'CouchDB/1.3.0 (Erlang OTP/R15B03)',
33 silly registry.get     date: 'Sat, 01 Jun 2013 14:57:02 GMT',
33 silly registry.get     'content-type': 'application/json',
33 silly registry.get     'content-length': '52',
33 silly registry.get     'cache-control': 'must-revalidate' } ]
34 silly lockFile 5600b9da-node-mongodb-native node-mongodb-native@
35 silly lockFile 5600b9da-node-mongodb-native node-mongodb-native@
36 error 404 'node-mongodb-native' is not in the npm registry.
36 error 404 You should bug the author to publish it
36 error 404
36 error 404 Maybe try 'npm search mongodb native'
36 error 404
36 error 404 Note that you can also install from a
36 error 404 tarball, folder, or http url, or git url.
37 error System Windows_NT 6.1.7601
38 error command "C:\\Program Files\\nodejs\\\\node.exe" "C:\\Program Files\\nodejs\\node_modules\\npm\\bin\\npm-cli.js" "install" "node-mongodb-native"
39 error cwd D:\git\node-spider
40 error node -v v0.10.7
41 error npm -v 1.2.21
42 error code E404
43 verbose exit [ 1, true ]
